<?xml version="1.0" encoding="UTF-8"?>
<!-- Generated by org.testng.reporters.JUnitXMLReporter -->
<testsuite hostname="cl1" ignored="0" name="Test" tests="2" failures="0" timestamp="22 May 2019 05:01:04 GMT" time="35.396" errors="0">
  <testcase name="Tc_01_ValidateLoginCredentials" time="16.85" classname="com.TestCases.Tc_01_ValidateLoginCredentials"/>
  <testcase name="Tc_01_ValidateLoginCredentials" time="17.176" classname="com.TestCases.Tc_02_RegisterNewUser"/>
</testsuite> <!-- Test -->
