<?xml version="1.0" encoding="UTF-8"?>
<testng-results skipped="0" failed="0" ignored="0" total="1" passed="1">
  <reporter-output>
  </reporter-output>
  <suite name="Suite" duration-ms="52347" started-at="2019-05-27T05:14:06Z" finished-at="2019-05-27T05:14:58Z">
    <groups>
    </groups>
    <test name="Test" duration-ms="52347" started-at="2019-05-27T05:14:06Z" finished-at="2019-05-27T05:14:58Z">
      <class name="com.TestCases.Tc_02_RegisterNewUser">
        <test-method status="PASS" signature="Tc_01_ValidateLoginCredentials()[pri:0, instance:com.TestCases.Tc_02_RegisterNewUser@26653222]" name="Tc_01_ValidateLoginCredentials" duration-ms="50849" started-at="2019-05-27T10:44:07Z" finished-at="2019-05-27T10:44:57Z">
          <reporter-output>
          </reporter-output>
        </test-method> <!-- Tc_01_ValidateLoginCredentials -->
      </class> <!-- com.TestCases.Tc_02_RegisterNewUser -->
    </test> <!-- Test -->
  </suite> <!-- Suite -->
</testng-results>
